<?xml version="1.0" encoding="UTF-8"?>
<testsuite name="io.renren.RenrenApplicationTests" time="0.036" tests="1" errors="0" skipped="0" failures="0">
  <properties>
    <property name="idea.version" value="2016.3.4"/>
    <property name="java.runtime.name" value="Java(TM) SE Runtime Environment"/>
    <property name="sun.boot.library.path" value="F:\Program Files\jdk1.8.0_111\jre\bin"/>
    <property name="java.vm.version" value="25.111-b14"/>
    <property name="java.vm.vendor" value="Oracle Corporation"/>
    <property name="maven.multiModuleProjectDirectory" value="F:\battle\renren-fast"/>
    <property name="java.vendor.url" value="http://java.oracle.com/"/>
    <property name="path.separator" value=";"/>
    <property name="guice.disable.misplaced.annotation.check" value="true"/>
    <property name="java.vm.name" value="Java HotSpot(TM) 64-Bit Server VM"/>
    <property name="file.encoding.pkg" value="sun.io"/>
    <property name="idea.launcher.port" value="7534"/>
    <property name="user.script" value=""/>
    <property name="user.country" value="CN"/>
    <property name="sun.java.launcher" value="SUN_STANDARD"/>
    <property name="sun.os.patch.level" value=""/>
    <property name="java.vm.specification.name" value="Java Virtual Machine Specification"/>
    <property name="user.dir" value="F:\battle\renren-fast"/>
    <property name="java.runtime.version" value="1.8.0_111-b14"/>
    <property name="java.awt.graphicsenv" value="sun.awt.Win32GraphicsEnvironment"/>
    <property name="java.endorsed.dirs" value="F:\Program Files\jdk1.8.0_111\jre\lib\endorsed"/>
    <property name="os.arch" value="amd64"/>
    <property name="java.io.tmpdir" value="C:\Users\Win7\AppData\Local\Temp\"/>
    <property name="line.separator" value="&#10;"/>
    <property name="java.vm.specification.vendor" value="Oracle Corporation"/>
    <property name="user.variant" value=""/>
    <property name="os.name" value="Windows 10"/>
    <property name="classworlds.conf" value="F:\ideaIU-2016.3.4.win\plugins\maven\lib\maven3\bin\m2.conf"/>
    <property name="sun.jnu.encoding" value="GBK"/>
    <property name="java.library.path" value="F:\Program Files\jdk1.8.0_111\bin;C:\WINDOWS\Sun\Java\bin;C:\WINDOWS\system32;C:\WINDOWS;C:\WINDOWS\system32;C:\WINDOWS;C:\WINDOWS\System32\Wbem;C:\WINDOWS\System32\WindowsPowerShell\v1.0\;F:\Program Files\jdk1.8.0_111\bin;F:\Program Files\jdk1.8.0_111\jre\bin;E:\Program Files\Git\cmd;C:\Program Files\SourceGear\Common\DiffMerge\;e:\Program Files\erl8.2\bin;E:\Program Files\RabbitMQ Server\rabbitmq_server-3.6.6\sbin;E:\apache-tomcat-8.5.16\lib;E:\apache-tomcat-8.5.16\bin;G:\zookeeper\zookeeper-3.4.8\bin;G:\zookeeper\zookeeper-3.4.8\conf;C:\Users\Win7\AppData\Local\Microsoft\WindowsApps;E:\apache-maven-3.3.9\bin;;E:\Program Files (x86)\Microsoft VS Code\bin;."/>
    <property name="java.specification.name" value="Java Platform API Specification"/>
    <property name="java.class.version" value="52.0"/>
    <property name="sun.management.compiler" value="HotSpot 64-Bit Tiered Compilers"/>
    <property name="os.version" value="10.0"/>
    <property name="user.home" value="C:\Users\Win7"/>
    <property name="user.timezone" value="Asia/Shanghai"/>
    <property name="java.awt.printerjob" value="sun.awt.windows.WPrinterJob"/>
    <property name="java.specification.version" value="1.8"/>
    <property name="idea.launcher.bin.path" value="F:\ideaIU-2016.3.4.win\bin"/>
    <property name="file.encoding" value="UTF-8"/>
    <property name="user.name" value="Win7"/>
    <property name="java.class.path" value="F:\ideaIU-2016.3.4.win\plugins\maven\lib\maven3\boot\plexus-classworlds-2.5.2.jar;F:\ideaIU-2016.3.4.win\lib\idea_rt.jar"/>
    <property name="java.vm.specification.version" value="1.8"/>
    <property name="sun.arch.data.model" value="64"/>
    <property name="java.home" value="F:\Program Files\jdk1.8.0_111\jre"/>
    <property name="sun.java.command" value="com.intellij.rt.execution.application.AppMain org.codehaus.classworlds.Launcher -Didea.version=2016.3.4 install"/>
    <property name="java.specification.vendor" value="Oracle Corporation"/>
    <property name="user.language" value="zh"/>
    <property name="awt.toolkit" value="sun.awt.windows.WToolkit"/>
    <property name="java.vm.info" value="mixed mode"/>
    <property name="java.version" value="1.8.0_111"/>
    <property name="java.ext.dirs" value="F:\Program Files\jdk1.8.0_111\jre\lib\ext;C:\WINDOWS\Sun\Java\lib\ext"/>
    <property name="sun.boot.class.path" value="F:\Program Files\jdk1.8.0_111\jre\lib\resources.jar;F:\Program Files\jdk1.8.0_111\jre\lib\rt.jar;F:\Program Files\jdk1.8.0_111\jre\lib\sunrsasign.jar;F:\Program Files\jdk1.8.0_111\jre\lib\jsse.jar;F:\Program Files\jdk1.8.0_111\jre\lib\jce.jar;F:\Program Files\jdk1.8.0_111\jre\lib\charsets.jar;F:\Program Files\jdk1.8.0_111\jre\lib\jfr.jar;F:\Program Files\jdk1.8.0_111\jre\classes"/>
    <property name="java.vendor" value="Oracle Corporation"/>
    <property name="maven.home" value="F:\ideaIU-2016.3.4.win\plugins\maven\lib\maven3"/>
    <property name="file.separator" value="\"/>
    <property name="java.vendor.url.bug" value="http://bugreport.sun.com/bugreport/"/>
    <property name="sun.cpu.endian" value="little"/>
    <property name="sun.io.unicode.encoding" value="UnicodeLittle"/>
    <property name="sun.desktop" value="windows"/>
    <property name="sun.cpu.isalist" value="amd64"/>
  </properties>
  <testcase name="contextLoads" classname="io.renren.RenrenApplicationTests" time="0.036"/>
</testsuite>